This file contains any messages produced by compilers while
running configure, to aid debugging if configure makes a mistake.

It was created by How_Traffic_Control_Signals_Work configure 0.33, which was
generated by GNU Autoconf 2.72.  Invocation command line was

  $ ./configure

## --------- ##
## Platform. ##
## --------- ##

hostname = sauterws2.sauterhome
uname -m = x86_64
uname -r = 6.14.6-200.fc41.x86_64
uname -s = Linux
uname -v = #1 SMP PREEMPT_DYNAMIC Fri May  9 19:55:50 UTC 2025

/usr/bin/uname -p = unknown
/bin/uname -X     = unknown

/bin/arch              = x86_64
/usr/bin/arch -k       = unknown
/usr/convex/getsysinfo = unknown
/usr/bin/hostinfo      = unknown
/bin/machine           = unknown
/usr/bin/oslevel       = unknown
/bin/universe          = unknown

PATH: /home/jsauter/.local/bin/
PATH: /home/jsauter/bin/
PATH: /usr/local/bin/
PATH: /usr/local/sbin/
PATH: /usr/bin/
PATH: /usr/sbin/


## ----------- ##
## Core tests. ##
## ----------- ##

configure:1740: looking for aux files: missing install-sh
configure:1753:  trying ./
configure:1782:   ./missing found
configure:1764:   ./install-sh found
configure:1912: checking for a BSD-compatible install
configure:1986: result: /usr/bin/install -c
configure:1997: checking whether build environment is sane
configure:2052: result: yes
configure:2213: checking for a race-free mkdir -p
configure:2256: result: /usr/bin/mkdir -p
configure:2263: checking for gawk
configure:2284: found /usr/bin/gawk
configure:2296: result: gawk
configure:2307: checking whether make sets $(MAKE)
configure:2331: result: yes
configure:2361: checking whether make supports nested variables
configure:2380: result: yes
configure:2455: checking how to create a pax tar archive
configure:2466: tar --version
tar (GNU tar) 1.35
Copyright (C) 2023 Free Software Foundation, Inc.
License GPLv3+: GNU GPL version 3 or later <https://gnu.org/licenses/gpl.html>.
This is free software: you are free to change and redistribute it.
There is NO WARRANTY, to the extent permitted by law.

Written by John Gilmore and Jay Fenlason.
configure:2469: $? = 0
configure:2509: tardir=conftest.dir && eval tar --format=posix -chf - "$tardir" >conftest.tar
configure:2512: $? = 0
configure:2516: tar -xf - <conftest.tar
configure:2519: $? = 0
configure:2521: cat conftest.dir/file
GrepMe
configure:2524: $? = 0
configure:2539: result: gnutar
configure:2609: checking whether to enable maintainer-specific portions of Makefiles
configure:2620: result: no
configure:2672: checking for a Python interpreter with version >= 3.10
configure:2690: python -c import sys # split strings by '.' and convert to numeric. Append some zeros # because we need at least 4 digits for the hex conversion. # map returns an iterator in Python 3.0 and a list in 2.x minver = list(map(int, '3.10'.split('.'))) + [0, 0, 0] minverhex = 0 # xrange is not present in Python 3.0 and range returns an iterator for i in list(range(0, 4)): minverhex = (minverhex << 8) + minver[i] sys.exit(sys.hexversion < minverhex)
configure:2693: $? = 0
configure:2701: result: python
configure:2709: checking for python
configure:2732: found /usr/bin/python
configure:2745: result: /usr/bin/python
configure:2762: checking for python version
configure:2771: result: 3.13
configure:2776: checking for python platform
configure:2785: result: linux
configure:2848: checking for GNU default python prefix
configure:2850: result: ${prefix}
configure:2918: checking for GNU default python exec_prefix
configure:2920: result: ${exec_prefix}
configure:2953: checking for python script directory (pythondir)
configure:2989: result: ${PYTHON_PREFIX}/lib/python3.13/site-packages
configure:2997: checking for python extension module directory (pyexecdir)
configure:3033: result: ${PYTHON_EXEC_PREFIX}/lib64/python3.13/site-packages
configure:3192: checking that generated files are newer than configure
configure:3198: result: done
configure:3210: creating ./config.status

## ---------------------- ##
## Running config.status. ##
## ---------------------- ##

This file was extended by How_Traffic_Control_Signals_Work config.status 0.33, which was
generated by GNU Autoconf 2.72.  Invocation command line was

  CONFIG_FILES    = 
  CONFIG_HEADERS  = 
  CONFIG_LINKS    = 
  CONFIG_COMMANDS = 
  $ ./config.status 

on sauterws2.sauterhome

config.status:756: creating Makefile

## ---------------- ##
## Cache variables. ##
## ---------------- ##

ac_cv_env_PYTHON_set=
ac_cv_env_PYTHON_value=
ac_cv_env_build_alias_set=
ac_cv_env_build_alias_value=
ac_cv_env_host_alias_set=
ac_cv_env_host_alias_value=
ac_cv_env_target_alias_set=
ac_cv_env_target_alias_value=
ac_cv_path_PYTHON=/usr/bin/python
ac_cv_path_install='/usr/bin/install -c'
ac_cv_path_mkdir=/usr/bin/mkdir
ac_cv_prog_AWK=gawk
ac_cv_prog_make_make_set=yes
am_cv_make_support_nested_variables=yes
am_cv_pathless_PYTHON=python
am_cv_prog_tar_pax=gnutar
am_cv_python_platform=linux
am_cv_python_pyexecdir='${PYTHON_EXEC_PREFIX}/lib64/python3.13/site-packages'
am_cv_python_pythondir='${PYTHON_PREFIX}/lib/python3.13/site-packages'
am_cv_python_version=3.13

## ----------------- ##
## Output variables. ##
## ----------------- ##

ACLOCAL='${SHELL} '\''/home/jsauter/Projects/traffic_control_signals/How_Traffic_Control_Signals_Work/missing'\'' aclocal-1.16'
AMTAR='$${TAR-tar}'
AM_BACKSLASH='\'
AM_DEFAULT_V='$(AM_DEFAULT_VERBOSITY)'
AM_DEFAULT_VERBOSITY='1'
AM_V='$(V)'
AUTOCONF='${SHELL} '\''/home/jsauter/Projects/traffic_control_signals/How_Traffic_Control_Signals_Work/missing'\'' autoconf'
AUTOHEADER='${SHELL} '\''/home/jsauter/Projects/traffic_control_signals/How_Traffic_Control_Signals_Work/missing'\'' autoheader'
AUTOMAKE='${SHELL} '\''/home/jsauter/Projects/traffic_control_signals/How_Traffic_Control_Signals_Work/missing'\'' automake-1.16'
AWK='gawk'
CSCOPE='cscope'
CTAGS='ctags'
CYGPATH_W='echo'
DEFS='-DPACKAGE_NAME=\"How_Traffic_Control_Signals_Work\" -DPACKAGE_TARNAME=\"How_Traffic_Control_Signals_Work\" -DPACKAGE_VERSION=\"0.33\" -DPACKAGE_STRING=\"How_Traffic_Control_Signals_Work\ 0.33\" -DPACKAGE_BUGREPORT=\"John_Sauter@systemeyescomputerstore.com\" -DPACKAGE_URL=\"\"github@github.com:How_Traffic_Control_Signals_Work.git\"\" -DPACKAGE=\"How_Traffic_Control_Signals_Work\" -DVERSION=\"0.33\"'
ECHO_C=''
ECHO_N='-n'
ECHO_T=''
ETAGS='etags'
INSTALL_DATA='${INSTALL} -m 644'
INSTALL_PROGRAM='${INSTALL}'
INSTALL_SCRIPT='${INSTALL}'
INSTALL_STRIP_PROGRAM='$(install_sh) -c -s'
LIBOBJS=''
LIBS=''
LTLIBOBJS=''
MAINT='#'
MAINTAINER_MODE_FALSE=''
MAINTAINER_MODE_TRUE='#'
MAKEINFO='${SHELL} '\''/home/jsauter/Projects/traffic_control_signals/How_Traffic_Control_Signals_Work/missing'\'' makeinfo'
MKDIR_P='/usr/bin/mkdir -p'
PACKAGE='How_Traffic_Control_Signals_Work'
PACKAGE_BUGREPORT='John_Sauter@systemeyescomputerstore.com'
PACKAGE_NAME='How_Traffic_Control_Signals_Work'
PACKAGE_STRING='How_Traffic_Control_Signals_Work 0.33'
PACKAGE_TARNAME='How_Traffic_Control_Signals_Work'
PACKAGE_URL='"github@github.com:How_Traffic_Control_Signals_Work.git"'
PACKAGE_VERSION='0.33'
PATH_SEPARATOR=':'
PYTHON='/usr/bin/python'
PYTHON_EXEC_PREFIX='${exec_prefix}'
PYTHON_PLATFORM='linux'
PYTHON_PREFIX='${prefix}'
PYTHON_VERSION='3.13'
SET_MAKE=''
SHELL='/bin/sh'
STRIP=''
VERSION='0.33'
am__isrc=''
am__leading_dot='.'
am__tar='tar --format=posix -chf - "$$tardir"'
am__untar='tar -xf -'
bindir='${exec_prefix}/bin'
build_alias=''
datadir='${datarootdir}'
datarootdir='${prefix}/share'
docdir='${datarootdir}/doc/${PACKAGE_TARNAME}'
dvidir='${docdir}'
exec_prefix='${prefix}'
host_alias=''
htmldir='${docdir}'
includedir='${prefix}/include'
infodir='${datarootdir}/info'
install_sh='${SHELL} /home/jsauter/Projects/traffic_control_signals/How_Traffic_Control_Signals_Work/install-sh'
libdir='${exec_prefix}/lib'
libexecdir='${exec_prefix}/libexec'
localedir='${datarootdir}/locale'
localstatedir='${prefix}/var'
mandir='${datarootdir}/man'
mkdir_p='$(MKDIR_P)'
oldincludedir='/usr/include'
pdfdir='${docdir}'
pkgpyexecdir='${pyexecdir}/How_Traffic_Control_Signals_Work'
pkgpythondir='${pythondir}/How_Traffic_Control_Signals_Work'
prefix='/usr/local'
program_transform_name='s,x,x,'
psdir='${docdir}'
pyexecdir='${PYTHON_EXEC_PREFIX}/lib64/python3.13/site-packages'
pythondir='${PYTHON_PREFIX}/lib/python3.13/site-packages'
runstatedir='${localstatedir}/run'
sbindir='${exec_prefix}/sbin'
sharedstatedir='${prefix}/com'
sysconfdir='${prefix}/etc'
target_alias=''

## ----------- ##
## confdefs.h. ##
## ----------- ##

/* confdefs.h */
#define PACKAGE_NAME "How_Traffic_Control_Signals_Work"
#define PACKAGE_TARNAME "How_Traffic_Control_Signals_Work"
#define PACKAGE_VERSION "0.33"
#define PACKAGE_STRING "How_Traffic_Control_Signals_Work 0.33"
#define PACKAGE_BUGREPORT "John_Sauter@systemeyescomputerstore.com"
#define PACKAGE_URL ""github@github.com:How_Traffic_Control_Signals_Work.git""
#define PACKAGE "How_Traffic_Control_Signals_Work"
#define VERSION "0.33"

configure: exit 0
